2022-01-03 22:31:52,368: session started
2022-01-03 22:32:02,735: testacc@gmail.com: 4
2022-01-03 22:32:10,512: ferma_ferma_2025@mail.ru: 4
2022-01-03 22:32:10,513: session ended
2022-01-03 23:58:34,618: session started
2022-01-03 23:58:44,023: testacc@gmail.com: 4
2022-01-03 23:58:51,813: ferma_ferma_2025@mail.ru: 4
2022-01-03 23:58:51,813: session ended
2022-01-04 23:30:04,712: session started
2022-01-04 23:30:09,249: testacc@gmail.com: 5
2022-01-04 23:30:12,077: ferma_ferma_2025@mail.ru: 5
2022-01-04 23:30:12,077: session ended
2022-01-04 23:33:44,758: session started
2022-01-04 23:33:54,910: testacc@gmail.com: 5
2022-01-04 23:34:02,623: ferma_ferma_2025@mail.ru: 5
2022-01-04 23:34:02,623: session ended
2022-01-04 23:42:34,657: Session started
2022-01-04 23:42:44,364: testacc@gmail.com: 5
2022-01-04 23:42:52,314: ferma_ferma_2025@mail.ru: 5
2022-01-04 23:42:52,314: Session ended
2022-01-04 23:43:13,661: Session started
2022-01-04 23:43:23,369: testacc@gmail.com: 5
2022-01-04 23:43:31,220: ferma_ferma_2025@mail.ru: 5
2022-01-04 23:43:31,220: Session ended
2022-01-04 23:44:26,333: Session started
2022-01-04 23:44:36,397: testacc@gmail.com: 5
2022-01-04 23:44:44,281: ferma_ferma_2025@mail.ru: 5
2022-01-04 23:44:44,281: Session ended
